<?xml version="1.0" encoding="UTF-8"?>
<!-- Generated by org.testng.reporters.JUnitReportReporter -->
<testsuite skipped="0" hostname="DESKTOP-23AEDGJ" name="com.qa.assignment2.tests.AddReview" tests="1" failures="0" timestamp="29 Jan 2020 13:02:03 GMT" time="48.945" errors="0">
  <testcase name="searchAndReview" time="48.945" classname="com.qa.assignment2.tests.AddReview"/>
</testsuite> <!-- com.qa.assignment2.tests.AddReview -->
